Starting Episode 0
[[               ]
 [          %    ]
 [8           8  ]
 [8         8    ]
 [              %]
 [               ]
 [               ]
 [               ]
 [    %          ]
 [              8]]
Starting Episode 1
[[               ]
 [          %    ]
 [8           8  ]
 [8         8    ]
 [              %]
 [               ]
 [               ]
 [               ]
 [    %          ]
 [              8]]
Starting Episode 2
[[               ]
 [          %    ]
 [8           8  ]
 [8         8    ]
 [              %]
 [               ]
 [               ]
 [               ]
 [    %          ]
 [              8]]
Starting Episode 3
[[               ]
 [          %    ]
 [8           8  ]
 [8         8    ]
 [              %]
 [               ]
 [               ]
 [               ]
 [    %          ]
 [              8]]
Starting Episode 4
[[               ]
 [          %    ]
 [8           8  ]
 [8         8    ]
 [              %]
 [               ]
 [               ]
 [               ]
 [    %          ]
 [              8]]
Starting Episode 5
[[               ]
 [          %    ]
 [8           8  ]
 [8         8    ]
 [              %]
 [               ]
 [               ]
 [               ]
 [    %          ]
 [              8]]
Starting Episode 6
[[               ]
 [          %    ]
 [8           8  ]
 [8         8    ]
 [              %]
 [               ]
 [               ]
 [               ]
 [    %          ]
 [              8]]
Starting Episode 7
[[               ]
 [          %    ]
 [8           8  ]
 [8         8    ]
 [              %]
 [               ]
 [               ]
 [               ]
 [    %          ]
 [              8]]
Starting Episode 8
[[               ]
 [          %    ]
 [8           8  ]
 [8         8    ]
 [              %]
 [               ]
 [               ]
 [               ]
 [    %          ]
 [              8]]
Starting Episode 9
[[               ]
 [          %    ]
 [8           8  ]
 [8         8    ]
 [              %]
 [               ]
 [               ]
 [               ]
 [    %          ]
 [              8]]
Starting Episode 10
[[               ]
 [          %    ]
 [8           8  ]
 [8         8    ]
 [              %]
 [               ]
 [               ]
 [               ]
 [    %          ]
 [              8]]
Starting Episode 11
[[               ]
 [          %    ]
 [8           8  ]
 [8         8    ]
 [              %]
 [               ]
 [               ]
 [               ]
 [    %          ]
 [              8]]
Starting Episode 12
[[               ]
 [          %    ]
 [8           8  ]
 [8         8    ]
 [              %]
 [               ]
 [               ]
 [               ]
 [    %          ]
 [              8]]
Starting Episode 13
[[               ]
 [          %    ]
 [8           8  ]
 [8         8    ]
 [              %]
 [               ]
 [               ]
 [               ]
 [    %          ]
 [              8]]
Starting Episode 14
[[               ]
 [          %    ]
 [8           8  ]
 [8         8    ]
 [              %]
 [               ]
 [               ]
 [               ]
 [    %          ]
 [              8]]
Starting Episode 15
[[               ]
 [          %    ]
 [8           8  ]
 [8         8    ]
 [              %]
 [               ]
 [               ]
 [               ]
 [    %          ]
 [              8]]
Starting Episode 16
[[               ]
 [          %    ]
 [8           8  ]
 [8         8    ]
 [              %]
 [               ]
 [               ]
 [               ]
 [    %          ]
 [              8]]
Starting Episode 17
[[               ]
 [          %    ]
 [8           8  ]
 [8         8    ]
 [              %]
 [               ]
 [               ]
 [               ]
 [    %          ]
 [              8]]
Starting Episode 18
[[               ]
 [          %    ]
 [8           8  ]
 [8         8    ]
 [              %]
 [               ]
 [               ]
 [               ]
 [    %          ]
 [              8]]
Starting Episode 19
[[               ]
 [          %    ]
 [8           8  ]
 [8         8    ]
 [              %]
 [               ]
 [               ]
 [               ]
 [    %          ]
 [              8]]
